<?xml version="1.0" encoding="UTF-8"?>
<robot generator="Robot 6.1.1 (Python 3.10.12 on linux)" generated="20241116 01:02:03.579" rpa="false" schemaversion="4">
<suite id="s1" name="Login" source="/home/ihakkine/koulu/ohtu/palautusrepositorio/viikko3/web-login/src/tests/login.robot">
<kw name="Open And Configure Browser" library="resource" type="SETUP">
<if>
<branch type="IF" condition="$BROWSER == 'chrome'">
<kw name="Evaluate" library="BuiltIn">
<var>${options}</var>
<arg>sys.modules['selenium.webdriver'].ChromeOptions()</arg>
<arg>sys</arg>
<doc>Evaluates the given expression in Python and returns the result.</doc>
<msg timestamp="20241116 01:02:03.713" level="INFO">${options} = &lt;selenium.webdriver.chrome.options.Options object at 0x7dc91ab1b5e0&gt;</msg>
<status status="PASS" starttime="20241116 01:02:03.713" endtime="20241116 01:02:03.713"/>
</kw>
<status status="PASS" starttime="20241116 01:02:03.704" endtime="20241116 01:02:03.713"/>
</branch>
<branch type="ELSE IF" condition="$BROWSER == 'firefox'">
<kw name="Evaluate" library="BuiltIn">
<var>${options}</var>
<arg>sys.modules['selenium.webdriver'].FirefoxOptions()</arg>
<arg>sys</arg>
<doc>Evaluates the given expression in Python and returns the result.</doc>
<status status="NOT RUN" starttime="20241116 01:02:03.714" endtime="20241116 01:02:03.714"/>
</kw>
<status status="NOT RUN" starttime="20241116 01:02:03.713" endtime="20241116 01:02:03.714"/>
</branch>
<status status="PASS" starttime="20241116 01:02:03.704" endtime="20241116 01:02:03.714"/>
</if>
<if>
<branch type="IF" condition="$HEADLESS == 'true'">
<kw name="Set Selenium Speed" library="SeleniumLibrary">
<arg>0</arg>
<doc>Sets the delay that is waited after each Selenium command.</doc>
<status status="NOT RUN" starttime="20241116 01:02:03.714" endtime="20241116 01:02:03.714"/>
</kw>
<kw name="Call Method" library="BuiltIn">
<arg>${options}</arg>
<arg>add_argument</arg>
<arg>--headless</arg>
<doc>Calls the named method of the given object with the provided arguments.</doc>
<status status="NOT RUN" starttime="20241116 01:02:03.714" endtime="20241116 01:02:03.714"/>
</kw>
<status status="NOT RUN" starttime="20241116 01:02:03.714" endtime="20241116 01:02:03.714"/>
</branch>
<branch type="ELSE">
<kw name="Set Selenium Speed" library="SeleniumLibrary">
<arg>${DELAY}</arg>
<doc>Sets the delay that is waited after each Selenium command.</doc>
<status status="PASS" starttime="20241116 01:02:03.714" endtime="20241116 01:02:03.714"/>
</kw>
<status status="PASS" starttime="20241116 01:02:03.714" endtime="20241116 01:02:03.714"/>
</branch>
<status status="PASS" starttime="20241116 01:02:03.714" endtime="20241116 01:02:03.714"/>
</if>
<kw name="Open Browser" library="SeleniumLibrary">
<arg>browser=${BROWSER}</arg>
<arg>options=${options}</arg>
<doc>Opens a new browser instance to the optional ``url``.</doc>
<msg timestamp="20241116 01:02:03.714" level="INFO">Opening browser 'chrome' to base url 'None'.</msg>
<status status="PASS" starttime="20241116 01:02:03.714" endtime="20241116 01:02:04.102"/>
</kw>
<status status="PASS" starttime="20241116 01:02:03.704" endtime="20241116 01:02:04.102"/>
</kw>
<test id="s1-t1" name="Login With Correct Credentials" line="8">
<kw name="Reset Application Create User And Go To Login Page" type="SETUP">
<kw name="Reset Application" library="AppLibrary">
<status status="PASS" starttime="20241116 01:02:04.103" endtime="20241116 01:02:04.106"/>
</kw>
<kw name="Create User" library="AppLibrary">
<arg>kalle</arg>
<arg>kalle123</arg>
<status status="PASS" starttime="20241116 01:02:04.107" endtime="20241116 01:02:04.115"/>
</kw>
<kw name="Go To Login Page" library="resource">
<kw name="Go To" library="SeleniumLibrary">
<arg>${LOGIN_URL}</arg>
<doc>Navigates the current browser window to the provided ``url``.</doc>
<msg timestamp="20241116 01:02:04.116" level="INFO">Opening url 'http://localhost:5001/login'</msg>
<status status="PASS" starttime="20241116 01:02:04.115" endtime="20241116 01:02:04.658"/>
</kw>
<status status="PASS" starttime="20241116 01:02:04.115" endtime="20241116 01:02:04.658"/>
</kw>
<status status="PASS" starttime="20241116 01:02:04.103" endtime="20241116 01:02:04.659"/>
</kw>
<kw name="Set Username">
<arg>kalle</arg>
<kw name="Input Text" library="SeleniumLibrary">
<arg>username</arg>
<arg>${username}</arg>
<doc>Types the given ``text`` into the text field identified by ``locator``.</doc>
<msg timestamp="20241116 01:02:04.661" level="INFO">Typing text 'kalle' into text field 'username'.</msg>
<status status="PASS" starttime="20241116 01:02:04.660" endtime="20241116 01:02:06.285"/>
</kw>
<status status="PASS" starttime="20241116 01:02:04.659" endtime="20241116 01:02:06.285"/>
</kw>
<kw name="Set Password">
<arg>kalle123</arg>
<kw name="Input Password" library="SeleniumLibrary">
<arg>password</arg>
<arg>${password}</arg>
<doc>Types the given password into the text field identified by ``locator``.</doc>
<msg timestamp="20241116 01:02:06.288" level="INFO">Typing password into text field 'password'.</msg>
<msg timestamp="20241116 01:02:07.342" level="INFO">Temporally setting log level to: NONE</msg>
<msg timestamp="20241116 01:02:07.900" level="INFO">Log level changed from NONE to INFO.</msg>
<status status="PASS" starttime="20241116 01:02:06.287" endtime="20241116 01:02:07.901"/>
</kw>
<status status="PASS" starttime="20241116 01:02:06.286" endtime="20241116 01:02:07.901"/>
</kw>
<kw name="Submit Credentials">
<kw name="Click Button" library="SeleniumLibrary">
<arg>Login</arg>
<doc>Clicks the button identified by ``locator``.</doc>
<msg timestamp="20241116 01:02:07.904" level="INFO">Clicking button 'Login'.</msg>
<status status="PASS" starttime="20241116 01:02:07.903" endtime="20241116 01:02:10.028"/>
</kw>
<status status="PASS" starttime="20241116 01:02:07.902" endtime="20241116 01:02:10.028"/>
</kw>
<kw name="Login Should Succeed">
<kw name="Main Page Should Be Open" library="resource">
<kw name="Title Should Be" library="SeleniumLibrary">
<arg>Ohtu Application main page</arg>
<doc>Verifies that the current page title equals ``title``.</doc>
<msg timestamp="20241116 01:02:10.534" level="INFO">Page title is 'Ohtu Application main page'.</msg>
<status status="PASS" starttime="20241116 01:02:10.028" endtime="20241116 01:02:10.534"/>
</kw>
<status status="PASS" starttime="20241116 01:02:10.028" endtime="20241116 01:02:10.535"/>
</kw>
<status status="PASS" starttime="20241116 01:02:10.028" endtime="20241116 01:02:10.535"/>
</kw>
<status status="PASS" starttime="20241116 01:02:04.102" endtime="20241116 01:02:10.535"/>
</test>
<test id="s1-t2" name="Login With Incorrect Password" line="14">
<kw name="Reset Application Create User And Go To Login Page" type="SETUP">
<kw name="Reset Application" library="AppLibrary">
<status status="PASS" starttime="20241116 01:02:10.538" endtime="20241116 01:02:10.543"/>
</kw>
<kw name="Create User" library="AppLibrary">
<arg>kalle</arg>
<arg>kalle123</arg>
<status status="PASS" starttime="20241116 01:02:10.543" endtime="20241116 01:02:10.552"/>
</kw>
<kw name="Go To Login Page" library="resource">
<kw name="Go To" library="SeleniumLibrary">
<arg>${LOGIN_URL}</arg>
<doc>Navigates the current browser window to the provided ``url``.</doc>
<msg timestamp="20241116 01:02:10.552" level="INFO">Opening url 'http://localhost:5001/login'</msg>
<status status="PASS" starttime="20241116 01:02:10.552" endtime="20241116 01:02:11.082"/>
</kw>
<status status="PASS" starttime="20241116 01:02:10.552" endtime="20241116 01:02:11.082"/>
</kw>
<status status="PASS" starttime="20241116 01:02:10.537" endtime="20241116 01:02:11.082"/>
</kw>
<kw name="Set Username">
<arg>kalle</arg>
<kw name="Input Text" library="SeleniumLibrary">
<arg>username</arg>
<arg>${username}</arg>
<doc>Types the given ``text`` into the text field identified by ``locator``.</doc>
<msg timestamp="20241116 01:02:11.083" level="INFO">Typing text 'kalle' into text field 'username'.</msg>
<status status="PASS" starttime="20241116 01:02:11.082" endtime="20241116 01:02:12.657"/>
</kw>
<status status="PASS" starttime="20241116 01:02:11.082" endtime="20241116 01:02:12.657"/>
</kw>
<kw name="Set Password">
<arg>kalle456</arg>
<kw name="Input Password" library="SeleniumLibrary">
<arg>password</arg>
<arg>${password}</arg>
<doc>Types the given password into the text field identified by ``locator``.</doc>
<msg timestamp="20241116 01:02:12.658" level="INFO">Typing password into text field 'password'.</msg>
<msg timestamp="20241116 01:02:13.684" level="INFO">Temporally setting log level to: NONE</msg>
<msg timestamp="20241116 01:02:14.238" level="INFO">Log level changed from NONE to INFO.</msg>
<status status="PASS" starttime="20241116 01:02:12.658" endtime="20241116 01:02:14.238"/>
</kw>
<status status="PASS" starttime="20241116 01:02:12.657" endtime="20241116 01:02:14.238"/>
</kw>
<kw name="Submit Credentials">
<kw name="Click Button" library="SeleniumLibrary">
<arg>Login</arg>
<doc>Clicks the button identified by ``locator``.</doc>
<msg timestamp="20241116 01:02:14.242" level="INFO">Clicking button 'Login'.</msg>
<status status="PASS" starttime="20241116 01:02:14.240" endtime="20241116 01:02:16.349"/>
</kw>
<status status="PASS" starttime="20241116 01:02:14.239" endtime="20241116 01:02:16.349"/>
</kw>
<kw name="Login Should Fail With Message">
<arg>Invalid username or password</arg>
<kw name="Login Page Should Be Open" library="resource">
<kw name="Title Should Be" library="SeleniumLibrary">
<arg>Login</arg>
<doc>Verifies that the current page title equals ``title``.</doc>
<msg timestamp="20241116 01:02:16.864" level="INFO">Page title is 'Login'.</msg>
<status status="PASS" starttime="20241116 01:02:16.351" endtime="20241116 01:02:16.864"/>
</kw>
<status status="PASS" starttime="20241116 01:02:16.351" endtime="20241116 01:02:16.864"/>
</kw>
<kw name="Page Should Contain" library="SeleniumLibrary">
<arg>${message}</arg>
<doc>Verifies that current page contains ``text``.</doc>
<msg timestamp="20241116 01:02:17.898" level="INFO">Current page contains text 'Invalid username or password'.</msg>
<status status="PASS" starttime="20241116 01:02:16.865" endtime="20241116 01:02:17.898"/>
</kw>
<status status="PASS" starttime="20241116 01:02:16.350" endtime="20241116 01:02:17.899"/>
</kw>
<status status="PASS" starttime="20241116 01:02:10.536" endtime="20241116 01:02:17.900"/>
</test>
<test id="s1-t3" name="Login With Nonexistent Username" line="20">
<kw name="Reset Application Create User And Go To Login Page" type="SETUP">
<kw name="Reset Application" library="AppLibrary">
<status status="PASS" starttime="20241116 01:02:17.902" endtime="20241116 01:02:17.907"/>
</kw>
<kw name="Create User" library="AppLibrary">
<arg>kalle</arg>
<arg>kalle123</arg>
<status status="PASS" starttime="20241116 01:02:17.907" endtime="20241116 01:02:17.918"/>
</kw>
<kw name="Go To Login Page" library="resource">
<kw name="Go To" library="SeleniumLibrary">
<arg>${LOGIN_URL}</arg>
<doc>Navigates the current browser window to the provided ``url``.</doc>
<msg timestamp="20241116 01:02:17.919" level="INFO">Opening url 'http://localhost:5001/login'</msg>
<status status="PASS" starttime="20241116 01:02:17.918" endtime="20241116 01:02:18.448"/>
</kw>
<status status="PASS" starttime="20241116 01:02:17.918" endtime="20241116 01:02:18.449"/>
</kw>
<status status="PASS" starttime="20241116 01:02:17.902" endtime="20241116 01:02:18.449"/>
</kw>
<kw name="Set Username">
<arg>nonexistent</arg>
<kw name="Input Text" library="SeleniumLibrary">
<arg>username</arg>
<arg>${username}</arg>
<doc>Types the given ``text`` into the text field identified by ``locator``.</doc>
<msg timestamp="20241116 01:02:18.452" level="INFO">Typing text 'nonexistent' into text field 'username'.</msg>
<status status="PASS" starttime="20241116 01:02:18.450" endtime="20241116 01:02:20.060"/>
</kw>
<status status="PASS" starttime="20241116 01:02:18.450" endtime="20241116 01:02:20.061"/>
</kw>
<kw name="Set Password">
<arg>whatever</arg>
<kw name="Input Password" library="SeleniumLibrary">
<arg>password</arg>
<arg>${password}</arg>
<doc>Types the given password into the text field identified by ``locator``.</doc>
<msg timestamp="20241116 01:02:20.064" level="INFO">Typing password into text field 'password'.</msg>
<msg timestamp="20241116 01:02:21.120" level="INFO">Temporally setting log level to: NONE</msg>
<msg timestamp="20241116 01:02:21.677" level="INFO">Log level changed from NONE to INFO.</msg>
<status status="PASS" starttime="20241116 01:02:20.063" endtime="20241116 01:02:21.677"/>
</kw>
<status status="PASS" starttime="20241116 01:02:20.061" endtime="20241116 01:02:21.678"/>
</kw>
<kw name="Submit Credentials">
<kw name="Click Button" library="SeleniumLibrary">
<arg>Login</arg>
<doc>Clicks the button identified by ``locator``.</doc>
<msg timestamp="20241116 01:02:21.681" level="INFO">Clicking button 'Login'.</msg>
<status status="PASS" starttime="20241116 01:02:21.679" endtime="20241116 01:02:23.793"/>
</kw>
<status status="PASS" starttime="20241116 01:02:21.678" endtime="20241116 01:02:23.794"/>
</kw>
<kw name="Login Should Fail With Message">
<arg>Invalid username or password</arg>
<kw name="Login Page Should Be Open" library="resource">
<kw name="Title Should Be" library="SeleniumLibrary">
<arg>Login</arg>
<doc>Verifies that the current page title equals ``title``.</doc>
<msg timestamp="20241116 01:02:24.308" level="INFO">Page title is 'Login'.</msg>
<status status="PASS" starttime="20241116 01:02:23.797" endtime="20241116 01:02:24.308"/>
</kw>
<status status="PASS" starttime="20241116 01:02:23.796" endtime="20241116 01:02:24.309"/>
</kw>
<kw name="Page Should Contain" library="SeleniumLibrary">
<arg>${message}</arg>
<doc>Verifies that current page contains ``text``.</doc>
<msg timestamp="20241116 01:02:25.334" level="INFO">Current page contains text 'Invalid username or password'.</msg>
<status status="PASS" starttime="20241116 01:02:24.309" endtime="20241116 01:02:25.334"/>
</kw>
<status status="PASS" starttime="20241116 01:02:23.795" endtime="20241116 01:02:25.335"/>
</kw>
<status status="PASS" starttime="20241116 01:02:17.901" endtime="20241116 01:02:25.335"/>
</test>
<kw name="Close Browser" library="SeleniumLibrary" type="TEARDOWN">
<doc>Closes the current browser.</doc>
<status status="PASS" starttime="20241116 01:02:25.337" endtime="20241116 01:02:25.898"/>
</kw>
<status status="PASS" starttime="20241116 01:02:03.580" endtime="20241116 01:02:25.898"/>
</suite>
<statistics>
<total>
<stat pass="3" fail="0" skip="0">All Tests</stat>
</total>
<tag>
</tag>
<suite>
<stat pass="3" fail="0" skip="0" id="s1" name="Login">Login</stat>
</suite>
</statistics>
<errors>
</errors>
</robot>
