<?xml version="1.0" encoding="UTF-8"?>
<robot generator="Robot 6.1.1 (Python 3.10.12 on linux)" generated="20241115 23:41:24.581" rpa="false" schemaversion="4">
<suite id="s1" name="Home" source="/home/ihakkine/koulu/ohtu/palautusrepositorio/viikko3/web-login/src/tests/home.robot">
<kw name="Open And Configure Browser" library="resource" type="SETUP">
<if>
<branch type="IF" condition="$BROWSER == 'chrome'">
<kw name="Evaluate" library="BuiltIn">
<var>${options}</var>
<arg>sys.modules['selenium.webdriver'].ChromeOptions()</arg>
<arg>sys</arg>
<doc>Evaluates the given expression in Python and returns the result.</doc>
<msg timestamp="20241115 23:41:24.847" level="INFO">${options} = &lt;selenium.webdriver.chrome.options.Options object at 0x748f4dd43640&gt;</msg>
<status status="PASS" starttime="20241115 23:41:24.846" endtime="20241115 23:41:24.847"/>
</kw>
<status status="PASS" starttime="20241115 23:41:24.837" endtime="20241115 23:41:24.847"/>
</branch>
<branch type="ELSE IF" condition="$BROWSER == 'firefox'">
<kw name="Evaluate" library="BuiltIn">
<var>${options}</var>
<arg>sys.modules['selenium.webdriver'].FirefoxOptions()</arg>
<arg>sys</arg>
<doc>Evaluates the given expression in Python and returns the result.</doc>
<status status="NOT RUN" starttime="20241115 23:41:24.847" endtime="20241115 23:41:24.847"/>
</kw>
<status status="NOT RUN" starttime="20241115 23:41:24.847" endtime="20241115 23:41:24.847"/>
</branch>
<status status="PASS" starttime="20241115 23:41:24.837" endtime="20241115 23:41:24.847"/>
</if>
<if>
<branch type="IF" condition="$HEADLESS == 'true'">
<kw name="Set Selenium Speed" library="SeleniumLibrary">
<arg>0</arg>
<doc>Sets the delay that is waited after each Selenium command.</doc>
<status status="NOT RUN" starttime="20241115 23:41:24.847" endtime="20241115 23:41:24.847"/>
</kw>
<kw name="Call Method" library="BuiltIn">
<arg>${options}</arg>
<arg>add_argument</arg>
<arg>--headless</arg>
<doc>Calls the named method of the given object with the provided arguments.</doc>
<status status="NOT RUN" starttime="20241115 23:41:24.847" endtime="20241115 23:41:24.847"/>
</kw>
<status status="NOT RUN" starttime="20241115 23:41:24.847" endtime="20241115 23:41:24.847"/>
</branch>
<branch type="ELSE">
<kw name="Set Selenium Speed" library="SeleniumLibrary">
<arg>${DELAY}</arg>
<doc>Sets the delay that is waited after each Selenium command.</doc>
<status status="PASS" starttime="20241115 23:41:24.847" endtime="20241115 23:41:24.847"/>
</kw>
<status status="PASS" starttime="20241115 23:41:24.847" endtime="20241115 23:41:24.847"/>
</branch>
<status status="PASS" starttime="20241115 23:41:24.847" endtime="20241115 23:41:24.847"/>
</if>
<kw name="Open Browser" library="SeleniumLibrary">
<arg>browser=${BROWSER}</arg>
<arg>options=${options}</arg>
<doc>Opens a new browser instance to the optional ``url``.</doc>
<msg timestamp="20241115 23:41:24.848" level="INFO">Opening browser 'chrome' to base url 'None'.</msg>
<status status="PASS" starttime="20241115 23:41:24.847" endtime="20241115 23:41:25.252"/>
</kw>
<status status="PASS" starttime="20241115 23:41:24.837" endtime="20241115 23:41:25.252"/>
</kw>
<test id="s1-t1" name="Click Login Link" line="8">
<kw name="Reset Application And Go To Starting Page" type="SETUP">
<kw name="Reset Application" library="AppLibrary">
<status status="PASS" starttime="20241115 23:41:25.253" endtime="20241115 23:41:25.256"/>
</kw>
<kw name="Go To Starting Page" library="resource">
<kw name="Go To" library="SeleniumLibrary">
<arg>${HOME_URL}</arg>
<doc>Navigates the current browser window to the provided ``url``.</doc>
<msg timestamp="20241115 23:41:25.257" level="INFO">Opening url 'http://localhost:5001'</msg>
<status status="PASS" starttime="20241115 23:41:25.256" endtime="20241115 23:41:25.801"/>
</kw>
<status status="PASS" starttime="20241115 23:41:25.256" endtime="20241115 23:41:25.802"/>
</kw>
<status status="PASS" starttime="20241115 23:41:25.253" endtime="20241115 23:41:25.802"/>
</kw>
<kw name="Click Link" library="SeleniumLibrary">
<arg>Login</arg>
<doc>Clicks a link identified by ``locator``.</doc>
<msg timestamp="20241115 23:41:25.804" level="INFO">Clicking link 'Login'.</msg>
<status status="PASS" starttime="20241115 23:41:25.802" endtime="20241115 23:41:27.440"/>
</kw>
<kw name="Login Page Should Be Open" library="resource">
<kw name="Title Should Be" library="SeleniumLibrary">
<arg>Login</arg>
<doc>Verifies that the current page title equals ``title``.</doc>
<msg timestamp="20241115 23:41:27.956" level="INFO">Page title is 'Login'.</msg>
<status status="PASS" starttime="20241115 23:41:27.443" endtime="20241115 23:41:27.957"/>
</kw>
<status status="PASS" starttime="20241115 23:41:27.441" endtime="20241115 23:41:27.957"/>
</kw>
<status status="PASS" starttime="20241115 23:41:25.252" endtime="20241115 23:41:27.957"/>
</test>
<test id="s1-t2" name="Click Register Link" line="12">
<kw name="Reset Application And Go To Starting Page" type="SETUP">
<kw name="Reset Application" library="AppLibrary">
<status status="PASS" starttime="20241115 23:41:27.960" endtime="20241115 23:41:27.965"/>
</kw>
<kw name="Go To Starting Page" library="resource">
<kw name="Go To" library="SeleniumLibrary">
<arg>${HOME_URL}</arg>
<doc>Navigates the current browser window to the provided ``url``.</doc>
<msg timestamp="20241115 23:41:27.966" level="INFO">Opening url 'http://localhost:5001'</msg>
<status status="PASS" starttime="20241115 23:41:27.966" endtime="20241115 23:41:28.497"/>
</kw>
<status status="PASS" starttime="20241115 23:41:27.965" endtime="20241115 23:41:28.498"/>
</kw>
<status status="PASS" starttime="20241115 23:41:27.960" endtime="20241115 23:41:28.498"/>
</kw>
<kw name="Click Link" library="SeleniumLibrary">
<arg>Register new user</arg>
<doc>Clicks a link identified by ``locator``.</doc>
<msg timestamp="20241115 23:41:28.501" level="INFO">Clicking link 'Register new user'.</msg>
<status status="PASS" starttime="20241115 23:41:28.499" endtime="20241115 23:41:30.091"/>
</kw>
<kw name="Register Page Should Be Open" library="resource">
<kw name="Title Should Be" library="SeleniumLibrary">
<arg>Register</arg>
<doc>Verifies that the current page title equals ``title``.</doc>
<msg timestamp="20241115 23:41:30.606" level="INFO">Page title is 'Register'.</msg>
<status status="PASS" starttime="20241115 23:41:30.093" endtime="20241115 23:41:30.606"/>
</kw>
<status status="PASS" starttime="20241115 23:41:30.092" endtime="20241115 23:41:30.606"/>
</kw>
<status status="PASS" starttime="20241115 23:41:27.959" endtime="20241115 23:41:30.607"/>
</test>
<kw name="Close Browser" library="SeleniumLibrary" type="TEARDOWN">
<doc>Closes the current browser.</doc>
<status status="PASS" starttime="20241115 23:41:30.609" endtime="20241115 23:41:31.172"/>
</kw>
<status status="PASS" starttime="20241115 23:41:24.581" endtime="20241115 23:41:31.172"/>
</suite>
<statistics>
<total>
<stat pass="2" fail="0" skip="0">All Tests</stat>
</total>
<tag>
</tag>
<suite>
<stat pass="2" fail="0" skip="0" id="s1" name="Home">Home</stat>
</suite>
</statistics>
<errors>
</errors>
</robot>
